c:\den\programming\github\ninja\ninja\ninja\release\vc140.pdb
c:\den\programming\github\ninja\ninja\ninja\release\player.obj
c:\den\programming\github\ninja\ninja\ninja\release\movingcontroller.obj
c:\den\programming\github\ninja\ninja\ninja\release\moving.obj
c:\den\programming\github\ninja\ninja\ninja\release\menuinfo.obj
c:\den\programming\github\ninja\ninja\ninja\release\menu.obj
c:\den\programming\github\ninja\ninja\ninja\release\map.obj
c:\den\programming\github\ninja\ninja\ninja\release\main.obj
c:\den\programming\github\ninja\ninja\ninja\release\logoscreeninfo.obj
c:\den\programming\github\ninja\ninja\ninja\release\logoscreen.obj
c:\den\programming\github\ninja\ninja\ninja\release\levelinfo.obj
c:\den\programming\github\ninja\ninja\ninja\release\level.obj
c:\den\programming\github\ninja\ninja\ninja\release\initexception.obj
c:\den\programming\github\ninja\ninja\ninja\release\info.obj
c:\den\programming\github\ninja\ninja\ninja\release\hudinfo.obj
c:\den\programming\github\ninja\ninja\ninja\release\hud.obj
c:\den\programming\github\ninja\ninja\ninja\release\gameinfo.obj
c:\den\programming\github\ninja\ninja\ninja\release\game.obj
c:\den\programming\github\ninja\ninja\ninja\release\enemymovingcontroller.obj
c:\den\programming\github\ninja\ninja\ninja\release\enemy.obj
c:\den\programming\github\ninja\ninja\ninja\release\cameracontrollerinfo.obj
c:\den\programming\github\ninja\ninja\ninja\release\xmlreader.obj
c:\den\programming\github\ninja\ninja\ninja\release\walkingmovablecontroller.obj
c:\den\programming\github\ninja\ninja\ninja\release\virtualxmlreader.obj
c:\den\programming\github\ninja\ninja\ninja\release\stageinfo.obj
c:\den\programming\github\ninja\ninja\ninja\release\stage.obj
c:\den\programming\github\ninja\ninja\ninja\release\sound.obj
c:\den\programming\github\ninja\ninja\ninja\release\randommovablecontroller.obj
c:\den\programming\github\ninja\ninja\ninja\release\random.obj
c:\den\programming\github\ninja\ninja\ninja\release\playermovingcontroller.obj
c:\den\programming\github\ninja\ninja\release\ninja.exe
c:\den\programming\github\ninja\ninja\release\ninja.ipdb
c:\den\programming\github\ninja\ninja\release\ninja.iobj
c:\den\programming\github\ninja\ninja\release\ninja.pdb
c:\den\programming\github\ninja\ninja\ninja\release\ninja.tlog\cl.command.1.tlog
c:\den\programming\github\ninja\ninja\ninja\release\ninja.tlog\cl.read.1.tlog
c:\den\programming\github\ninja\ninja\ninja\release\ninja.tlog\cl.write.1.tlog
c:\den\programming\github\ninja\ninja\ninja\release\ninja.tlog\link.command.1.tlog
c:\den\programming\github\ninja\ninja\ninja\release\ninja.tlog\link.read.1.tlog
c:\den\programming\github\ninja\ninja\ninja\release\ninja.tlog\link.write.1.tlog
