C:\Program Files (x86)\MSBuild\Microsoft.Cpp\v4.0\V140\Microsoft.CppBuild.targets(936,5): warning MSB8027: Two or more files with the name of Enemy.cpp will produce outputs to the same location. This can lead to an incorrect build result.  The files involved are Enemy.cpp, GamePlay\Enemy.cpp.
C:\Program Files (x86)\MSBuild\Microsoft.Cpp\v4.0\V140\Microsoft.CppBuild.targets(936,5): warning MSB8027: Two or more files with the name of Game.cpp will produce outputs to the same location. This can lead to an incorrect build result.  The files involved are Game.cpp, GamePlay\Game.cpp.
C:\Program Files (x86)\MSBuild\Microsoft.Cpp\v4.0\V140\Microsoft.CppBuild.targets(936,5): warning MSB8027: Two or more files with the name of Player.cpp will produce outputs to the same location. This can lead to an incorrect build result.  The files involved are GamePlay\Player.cpp, Player.cpp.
  BadFaerie.cpp
GamePlay\BadFaerie.cpp(28): warning C4244: '=': conversion from 'irr::u32' to 'irr::f32', possible loss of data
GamePlay\BadFaerie.cpp(82): warning C4244: 'argument': conversion from 'time_t' to 'unsigned int', possible loss of data
GamePlay\BadFaerie.cpp(142): warning C4244: '=': conversion from 'irr::u32' to 'irr::f32', possible loss of data
  BadNinja.cpp
  Camera.cpp
  Coin.cpp
  Enemy.cpp
GamePlay\Enemy.cpp(41): warning C4244: '=': conversion from 'double' to 'irr::f32', possible loss of data
GamePlay\Enemy.cpp(49): warning C4244: 'initializing': conversion from 'double' to 'float', possible loss of data
GamePlay\Enemy.cpp(51): warning C4244: '=': conversion from 'double' to 'irr::f32', possible loss of data
GamePlay\Enemy.cpp(71): warning C4244: '=': conversion from 'irr::u32' to 'irr::f32', possible loss of data
  EventReciever.cpp
  Game.cpp
GamePlay\Game.cpp(133): warning C4018: '<': signed/unsigned mismatch
GamePlay\Game.cpp(183): warning C4018: '<': signed/unsigned mismatch
GamePlay\Game.cpp(250): warning C4018: '<': signed/unsigned mismatch
GamePlay\Game.cpp(298): warning C4018: '<': signed/unsigned mismatch
GamePlay\Game.cpp(489): warning C4018: '<': signed/unsigned mismatch
GamePlay\Game.cpp(585): warning C4018: '<': signed/unsigned mismatch
GamePlay\Game.cpp(802): warning C4244: '=': conversion from 'irr::u32' to 'irr::f32', possible loss of data
GamePlay\Game.cpp(816): warning C4244: '=': conversion from 'irr::u32' to 'irr::f32', possible loss of data
GamePlay\Game.cpp(829): warning C4244: '=': conversion from 'irr::u32' to 'irr::f32', possible loss of data
GamePlay\Game.cpp(840): warning C4244: '=': conversion from 'irr::u32' to 'irr::f32', possible loss of data
GamePlay\Game.cpp(857): warning C4244: '=': conversion from 'irr::u32' to 'irr::f32', possible loss of data
GamePlay\Game.cpp(875): warning C4244: '=': conversion from 'irr::u32' to 'irr::f32', possible loss of data
GamePlay\Game.cpp(891): warning C4244: 'argument': conversion from 'int' to 'irr::f32', possible loss of data
GamePlay\Game.cpp(960): warning C4018: '<': signed/unsigned mismatch
GamePlay\Game.cpp(985): warning C4101: 'bMatched': unreferenced local variable
GamePlay\Game.cpp(1018): warning C4244: 'argument': conversion from 'time_t' to 'unsigned int', possible loss of data
GamePlay\Game.cpp(1024): warning C4018: '<': signed/unsigned mismatch
GamePlay\Game.cpp(1053): warning C4244: 'argument': conversion from 'int' to 'irr::f32', possible loss of data
GamePlay\Game.cpp(1083): warning C4244: 'argument': conversion from 'time_t' to 'unsigned int', possible loss of data
GamePlay\Game.cpp(1088): warning C4018: '<': signed/unsigned mismatch
GamePlay\Game.cpp(1117): warning C4244: 'argument': conversion from 'int' to 'irr::f32', possible loss of data
GamePlay\Game.cpp(1148): warning C4244: 'argument': conversion from 'time_t' to 'unsigned int', possible loss of data
GamePlay\Game.cpp(1153): warning C4018: '<': signed/unsigned mismatch
GamePlay\Game.cpp(1182): warning C4244: 'argument': conversion from 'int' to 'irr::f32', possible loss of data
  GameHud.cpp
  GameObject.cpp
  HealthPickup.cpp
  Monster.cpp
GamePlay\Monster.cpp(71): warning C4244: '=': conversion from 'irr::u32' to 'irr::f32', possible loss of data
  Player.cpp
GamePlay\Player.cpp(51): warning C4244: '=': conversion from 'double' to 'irr::f32', possible loss of data
GamePlay\Player.cpp(143): warning C4244: 'argument': conversion from 'double' to 'irr::f32', possible loss of data
GamePlay\Player.cpp(231): warning C4244: '=': conversion from 'irr::u32' to 'irr::f32', possible loss of data
GamePlay\Player.cpp(241): warning C4244: '=': conversion from 'irr::u32' to 'irr::f32', possible loss of data
GamePlay\Player.cpp(252): warning C4244: '=': conversion from 'irr::u32' to 'irr::f32', possible loss of data
  PowerBall.cpp
  PowerBallEnemy.cpp
  Skybox.cpp
  Terrain.cpp
  Wraith.cpp
GamePlay\Wraith.cpp(56): warning C4244: 'argument': conversion from 'time_t' to 'unsigned int', possible loss of data
GamePlay\Wraith.cpp(96): warning C4244: '=': conversion from 'irr::u32' to 'irr::f32', possible loss of data
GamePlay\Wraith.cpp(115): warning C4244: 'argument': conversion from 'time_t' to 'unsigned int', possible loss of data
GamePlay\Wraith.cpp(127): warning C4244: 'argument': conversion from 'time_t' to 'unsigned int', possible loss of data
GamePlay\Wraith.cpp(132): warning C4018: '<': signed/unsigned mismatch
GamePlay\Wraith.cpp(161): warning C4244: 'argument': conversion from 'int' to 'irr::f32', possible loss of data
GamePlay\Wraith.cpp(166): warning C4244: '=': conversion from 'irr::u32' to 'irr::f32', possible loss of data
Release\Enemy.obj : warning LNK4042: object specified more than once; extras ignored
Release\Game.obj : warning LNK4042: object specified more than once; extras ignored
Release\Player.obj : warning LNK4042: object specified more than once; extras ignored
GameInfo.obj : error LNK2001: unresolved external symbol "public: void __thiscall Game::addMedia(class irr::core::string<char,class irr::core::irrAllocator<char> > const &)" (?addMedia@Game@@QAEXABV?$string@DV?$irrAllocator@D@core@irr@@@core@irr@@@Z)
GameInfo.obj : error LNK2001: unresolved external symbol "public: class irr::IrrlichtDevice * __thiscall Game::getDevice(void)const " (?getDevice@Game@@QBEPAVIrrlichtDevice@irr@@XZ)
GameInfo.obj : error LNK2001: unresolved external symbol "public: void __thiscall Game::createDevice(class GameInfo const &)" (?createDevice@Game@@QAEXABVGameInfo@@@Z)
Hud.obj : error LNK2001: unresolved external symbol "public: void __thiscall Game::enableAdditionalRender(bool)" (?enableAdditionalRender@Game@@QAEX_N@Z)
Hud.obj : error LNK2001: unresolved external symbol "public: static enum GAME_EVENT __cdecl Game::ToGameEvent(struct irr::SEvent const &)" (?ToGameEvent@Game@@SA?AW4GAME_EVENT@@ABUSEvent@irr@@@Z)
main.obj : error LNK2001: unresolved external symbol "public: bool __thiscall Game::update(void)" (?update@Game@@QAE_NXZ)
main.obj : error LNK2001: unresolved external symbol "public: __thiscall Game::Game(char const *)" (??0Game@@QAE@PBD@Z)
Sound.obj : error LNK2001: unresolved external symbol "public: class irrklang::ISoundEngine * __thiscall Game::getSoundEngine(void)const " (?getSoundEngine@Game@@QBEPAVISoundEngine@irrklang@@XZ)
Stage.obj : error LNK2001: unresolved external symbol "public: void __thiscall Game::broadcastEvent(enum GAME_EVENT)" (?broadcastEvent@Game@@QAEXW4GAME_EVENT@@@Z)
C:\Den\Programming\GitHub\Ninja\Ninja\Release\Ninja.exe : fatal error LNK1120: 9 unresolved externals
