  Game.cpp
Game.cpp(127): warning C4018: '<': signed/unsigned mismatch
Game.cpp(177): warning C4018: '<': signed/unsigned mismatch
Game.cpp(244): warning C4018: '<': signed/unsigned mismatch
Game.cpp(293): warning C4018: '<': signed/unsigned mismatch
Game.cpp(484): warning C4018: '<': signed/unsigned mismatch
Game.cpp(580): warning C4018: '<': signed/unsigned mismatch
Game.cpp(797): warning C4244: '=': conversion from 'irr::u32' to 'irr::f32', possible loss of data
Game.cpp(811): warning C4244: '=': conversion from 'irr::u32' to 'irr::f32', possible loss of data
Game.cpp(824): warning C4244: '=': conversion from 'irr::u32' to 'irr::f32', possible loss of data
Game.cpp(835): warning C4244: '=': conversion from 'irr::u32' to 'irr::f32', possible loss of data
Game.cpp(852): warning C4244: '=': conversion from 'irr::u32' to 'irr::f32', possible loss of data
Game.cpp(870): warning C4244: '=': conversion from 'irr::u32' to 'irr::f32', possible loss of data
Game.cpp(886): warning C4244: 'argument': conversion from 'int' to 'irr::f32', possible loss of data
Game.cpp(955): warning C4018: '<': signed/unsigned mismatch
Game.cpp(980): warning C4101: 'bMatched': unreferenced local variable
Game.cpp(1013): warning C4244: 'argument': conversion from 'time_t' to 'unsigned int', possible loss of data
Game.cpp(1019): warning C4018: '<': signed/unsigned mismatch
Game.cpp(1048): warning C4244: 'argument': conversion from 'int' to 'irr::f32', possible loss of data
Game.cpp(1078): warning C4244: 'argument': conversion from 'time_t' to 'unsigned int', possible loss of data
Game.cpp(1083): warning C4018: '<': signed/unsigned mismatch
Game.cpp(1112): warning C4244: 'argument': conversion from 'int' to 'irr::f32', possible loss of data
Game.cpp(1143): warning C4244: 'argument': conversion from 'time_t' to 'unsigned int', possible loss of data
Game.cpp(1148): warning C4018: '<': signed/unsigned mismatch
Game.cpp(1177): warning C4244: 'argument': conversion from 'int' to 'irr::f32', possible loss of data
  Generating code
  2 of 326 functions ( 0.6%) were compiled, the rest were copied from previous compilation.
    0 functions were new in current compilation
    1 functions had inline decision re-evaluated but remain unchanged
  Finished generating code
  Ninja.vcxproj -> C:\Den\Programming\GitHub\Ninja\Release\Ninja.exe
  Ninja.vcxproj -> C:\Den\Programming\GitHub\Ninja\Release\Ninja.pdb (Full PDB)
